0 info it worked if it ends with ok
1 verbose cli [ 'node', '/usr/local/bin/npm', 'install', '-g', 'jake' ]
2 info using npm@1.4.28
3 info using node@v0.10.32
4 verbose cache add [ 'jake', null ]
5 verbose cache add name=undefined spec="jake" args=["jake",null]
6 verbose parsed url { protocol: null,
6 verbose parsed url   slashes: null,
6 verbose parsed url   auth: null,
6 verbose parsed url   host: null,
6 verbose parsed url   port: null,
6 verbose parsed url   hostname: null,
6 verbose parsed url   hash: null,
6 verbose parsed url   search: null,
6 verbose parsed url   query: null,
6 verbose parsed url   pathname: 'jake',
6 verbose parsed url   path: 'jake',
6 verbose parsed url   href: 'jake' }
7 silly lockFile c8d99c2f-jake jake
8 verbose lock jake /Users/andyf/.npm/c8d99c2f-jake.lock
9 silly lockFile c8d99c2f-jake jake
10 silly lockFile c8d99c2f-jake jake
11 verbose addNamed [ 'jake', '' ]
12 verbose addNamed [ null, '*' ]
13 silly lockFile 407019af-jake jake@
14 verbose lock jake@ /Users/andyf/.npm/407019af-jake.lock
15 silly addNameRange { name: 'jake', range: '*', hasData: false }
16 verbose request where is /jake
17 verbose request registry https://registry.npmjs.org/
18 verbose request id 80b2fd99b18900a7
19 verbose url raw /jake
20 verbose url resolving [ 'https://registry.npmjs.org/', './jake' ]
21 verbose url resolved https://registry.npmjs.org/jake
22 verbose request where is https://registry.npmjs.org/jake
23 info trying registry request attempt 1 at 21:04:28
24 verbose etag "3UJOMID7L25NWJM1IEXHI9X72"
25 http GET https://registry.npmjs.org/jake
26 http 304 https://registry.npmjs.org/jake
27 silly registry.get cb [ 304,
27 silly registry.get   { date: 'Wed, 22 Oct 2014 20:04:29 GMT',
27 silly registry.get     server: 'Apache',
27 silly registry.get     via: '1.1 varnish',
27 silly registry.get     'last-modified': 'Wed, 22 Oct 2014 20:04:29 GMT',
27 silly registry.get     'cache-control': 'max-age=60',
27 silly registry.get     etag: '"3UJOMID7L25NWJM1IEXHI9X72"',
27 silly registry.get     age: '0',
27 silly registry.get     'x-served-by': 'cache-lhr6323-LHR',
27 silly registry.get     'x-cache': 'MISS',
27 silly registry.get     'x-cache-hits': '0',
27 silly registry.get     'x-timer': 'S1414008269.344098,VS0,VE154',
27 silly registry.get     vary: 'Accept',
27 silly registry.get     'content-length': '0',
27 silly registry.get     'keep-alive': 'timeout=10, max=50',
27 silly registry.get     connection: 'Keep-Alive' } ]
28 verbose etag https://registry.npmjs.org/jake from cache
29 silly addNameRange number 2 { name: 'jake', range: '*', hasData: true }
30 silly addNameRange versions [ 'jake',
30 silly addNameRange   [ '0.1.0',
30 silly addNameRange     '0.1.2',
30 silly addNameRange     '0.1.3',
30 silly addNameRange     '0.1.4',
30 silly addNameRange     '0.1.5',
30 silly addNameRange     '0.1.6',
30 silly addNameRange     '0.1.7',
30 silly addNameRange     '0.1.8',
30 silly addNameRange     '0.1.9',
30 silly addNameRange     '0.1.10',
30 silly addNameRange     '0.1.11',
30 silly addNameRange     '0.1.12',
30 silly addNameRange     '0.1.13',
30 silly addNameRange     '0.1.14',
30 silly addNameRange     '0.1.16',
30 silly addNameRange     '0.1.17',
30 silly addNameRange     '0.1.18',
30 silly addNameRange     '0.1.19',
30 silly addNameRange     '0.1.20',
30 silly addNameRange     '0.1.21',
30 silly addNameRange     '0.1.22',
30 silly addNameRange     '0.2.2',
30 silly addNameRange     '0.2.3',
30 silly addNameRange     '0.2.6',
30 silly addNameRange     '0.2.7',
30 silly addNameRange     '0.2.8',
30 silly addNameRange     '0.2.9',
30 silly addNameRange     '0.2.10',
30 silly addNameRange     '0.2.11',
30 silly addNameRange     '0.2.12',
30 silly addNameRange     '0.2.15',
30 silly addNameRange     '0.2.18',
30 silly addNameRange     '0.2.19',
30 silly addNameRange     '0.2.20',
30 silly addNameRange     '0.2.21',
30 silly addNameRange     '0.2.22',
30 silly addNameRange     '0.2.23',
30 silly addNameRange     '0.2.24',
30 silly addNameRange     '0.2.25',
30 silly addNameRange     '0.2.27',
30 silly addNameRange     '0.2.28',
30 silly addNameRange     '0.2.29',
30 silly addNameRange     '0.2.30',
30 silly addNameRange     '0.2.31',
30 silly addNameRange     '0.2.32',
30 silly addNameRange     '0.2.33',
30 silly addNameRange     '0.2.35',
30 silly addNameRange     '0.3.1',
30 silly addNameRange     '0.3.2',
30 silly addNameRange     '0.3.3',
30 silly addNameRange     '0.3.4',
30 silly addNameRange     '0.3.5',
30 silly addNameRange     '0.3.6',
30 silly addNameRange     '0.3.7',
30 silly addNameRange     '0.3.8',
30 silly addNameRange     '0.3.9',
30 silly addNameRange     '0.3.10',
30 silly addNameRange     '0.3.11',
30 silly addNameRange     '0.3.12',
30 silly addNameRange     '0.3.13',
30 silly addNameRange     '0.3.14',
30 silly addNameRange     '0.3.15',
30 silly addNameRange     '0.3.16',
30 silly addNameRange     '0.3.17',
30 silly addNameRange     '0.4.1',
30 silly addNameRange     '0.4.2',
30 silly addNameRange     '0.5.1',
30 silly addNameRange     '0.5.2',
30 silly addNameRange     '0.5.3',
30 silly addNameRange     '0.5.4',
30 silly addNameRange     '0.5.5',
30 silly addNameRange     '0.5.6',
30 silly addNameRange     '0.5.7',
30 silly addNameRange     '0.5.8',
30 silly addNameRange     '0.5.9',
30 silly addNameRange     '0.5.10',
30 silly addNameRange     '0.5.11',
30 silly addNameRange     '0.5.12',
30 silly addNameRange     '0.5.13',
30 silly addNameRange     '0.5.14',
30 silly addNameRange     '0.5.15',
30 silly addNameRange     '0.5.16',
30 silly addNameRange     '0.5.17',
30 silly addNameRange     '0.5.18',
30 silly addNameRange     '0.6.1',
30 silly addNameRange     '0.6.3',
30 silly addNameRange     '0.6.4',
30 silly addNameRange     '0.6.5',
30 silly addNameRange     '0.6.6',
30 silly addNameRange     '0.6.7',
30 silly addNameRange     '0.6.8',
30 silly addNameRange     '0.6.9',
30 silly addNameRange     '0.6.10',
30 silly addNameRange     '0.6.11',
30 silly addNameRange     '0.6.12',
30 silly addNameRange     '0.7.1',
30 silly addNameRange     '0.7.2',
30 silly addNameRange     '0.7.3',
30 silly addNameRange     '0.7.4',
30 silly addNameRange     '0.7.5',
30 silly addNameRange     '0.7.6',
30 silly addNameRange     '0.7.7',
30 silly addNameRange     '0.7.8',
30 silly addNameRange     '0.7.9',
30 silly addNameRange     '0.7.10',
30 silly addNameRange     '0.7.11',
30 silly addNameRange     '0.7.12',
30 silly addNameRange     '0.7.13',
30 silly addNameRange     '0.7.14',
30 silly addNameRange     '0.7.15',
30 silly addNameRange     '0.7.16',
30 silly addNameRange     '0.7.17',
30 silly addNameRange     '0.7.18',
30 silly addNameRange     '0.7.19',
30 silly addNameRange     '0.7.20',
30 silly addNameRange     '8.0.1',
30 silly addNameRange     '8.0.2',
30 silly addNameRange     '8.0.3',
30 silly addNameRange     '8.0.4',
30 silly addNameRange     '8.0.5',
30 silly addNameRange     '8.0.6',
30 silly addNameRange     '8.0.8',
30 silly addNameRange     '8.0.9',
30 silly addNameRange     '8.0.10' ] ]
31 verbose addNamed [ 'jake', '8.0.10' ]
32 verbose addNamed [ '8.0.10', '8.0.10' ]
33 silly lockFile 25d0155a-jake-8-0-10 jake@8.0.10
34 verbose lock jake@8.0.10 /Users/andyf/.npm/25d0155a-jake-8-0-10.lock
35 silly lockFile 25d0155a-jake-8-0-10 jake@8.0.10
36 silly lockFile 25d0155a-jake-8-0-10 jake@8.0.10
37 silly lockFile 407019af-jake jake@
38 silly lockFile 407019af-jake jake@
39 silly resolved [ { name: 'jake',
39 silly resolved     description: 'JavaScript build tool, similar to Make or Rake',
39 silly resolved     keywords: [ 'build', 'cli', 'make', 'rake' ],
39 silly resolved     version: '8.0.10',
39 silly resolved     author:
39 silly resolved      { name: 'Matthew Eernisse',
39 silly resolved        email: 'mde@fleegix.org',
39 silly resolved        url: 'http://fleegix.org' },
39 silly resolved     bin: { jake: './bin/cli.js' },
39 silly resolved     main: './lib/jake.js',
39 silly resolved     repository: { type: 'git', url: 'git://github.com/mde/jake.git' },
39 silly resolved     preferGlobal: true,
39 silly resolved     dependencies:
39 silly resolved      { filelist: '0.0.x',
39 silly resolved        minimatch: '0.2.x',
39 silly resolved        chalk: '0.4.x',
39 silly resolved        utilities: '1.0.x',
39 silly resolved        async: '0.9.x' },
39 silly resolved     devDependencies: { q: '0.9.x' },
39 silly resolved     engines: { node: '*' },
39 silly resolved     bugs: { url: 'https://github.com/mde/jake/issues' },
39 silly resolved     homepage: 'https://github.com/mde/jake',
39 silly resolved     _id: 'jake@8.0.10',
39 silly resolved     _shasum: '00c7eece312b2b216c803264dad8925eece47a38',
39 silly resolved     _resolved: 'https://registry.npmjs.org/jake/-/jake-8.0.10.tgz',
39 silly resolved     _from: 'jake@',
39 silly resolved     scripts: {},
39 silly resolved     _npmVersion: '1.4.23',
39 silly resolved     _npmUser: { name: 'mde', email: 'mde@fleegix.org' },
39 silly resolved     maintainers: [ [Object] ],
39 silly resolved     dist:
39 silly resolved      { shasum: '00c7eece312b2b216c803264dad8925eece47a38',
39 silly resolved        tarball: 'http://registry.npmjs.org/jake/-/jake-8.0.10.tgz' },
39 silly resolved     directories: {},
39 silly resolved     readme: 'ERROR: No README data found!' } ]
40 info install jake@8.0.10 into /usr/local/lib
41 info installOne jake@8.0.10
42 verbose lib/node_modules/jake unbuild
43 verbose tar unpack /Users/andyf/.npm/jake/8.0.10/package.tgz
44 silly lockFile 25fc9e58--usr-local-lib-node-modules-jake tar:///usr/local/lib/node_modules/jake
45 verbose lock tar:///usr/local/lib/node_modules/jake /Users/andyf/.npm/25fc9e58--usr-local-lib-node-modules-jake.lock
46 silly lockFile 0b49f758-ndyf-npm-jake-8-0-10-package-tgz tar:///Users/andyf/.npm/jake/8.0.10/package.tgz
47 verbose lock tar:///Users/andyf/.npm/jake/8.0.10/package.tgz /Users/andyf/.npm/0b49f758-ndyf-npm-jake-8-0-10-package-tgz.lock
48 silly gunzTarPerm modes [ '755', '644' ]
49 error Error: EACCES, mkdir '/usr/local/lib/node_modules/jake'
49 error  { [Error: EACCES, mkdir '/usr/local/lib/node_modules/jake']
49 error   errno: 3,
49 error   code: 'EACCES',
49 error   path: '/usr/local/lib/node_modules/jake',
49 error   fstream_type: 'Directory',
49 error   fstream_path: '/usr/local/lib/node_modules/jake',
49 error   fstream_class: 'DirWriter',
49 error   fstream_stack:
49 error    [ '/usr/local/lib/node_modules/npm/node_modules/fstream/lib/dir-writer.js:36:23',
49 error      '/usr/local/lib/node_modules/npm/node_modules/mkdirp/index.js:46:53',
49 error      'Object.oncomplete (fs.js:107:15)' ] }
50 error Please try running this command again as root/Administrator.
51 error System Darwin 14.0.0
52 error command "node" "/usr/local/bin/npm" "install" "-g" "jake"
53 error cwd /Users/andyf/Desktop/leaflet-0.7.3
54 error node -v v0.10.32
55 error npm -v 1.4.28
56 error path /usr/local/lib/node_modules/jake
57 error fstream_path /usr/local/lib/node_modules/jake
58 error fstream_type Directory
59 error fstream_class DirWriter
60 error code EACCES
61 error errno 3
62 error stack Error: EACCES, mkdir '/usr/local/lib/node_modules/jake'
63 error fstream_stack /usr/local/lib/node_modules/npm/node_modules/fstream/lib/dir-writer.js:36:23
63 error fstream_stack /usr/local/lib/node_modules/npm/node_modules/mkdirp/index.js:46:53
63 error fstream_stack Object.oncomplete (fs.js:107:15)
64 verbose exit [ 3, true ]
